2017.07.20 19:36 B D:\ENPL\ex-workshop\full-backup-7th-jul-2017\thinkedu2017\images\about-image-2014.jpg <-- eventexpress.com /thinkedu2017/images about-image-2014.jpg
2017.07.20 19:36 B D:\ENPL\ex-workshop\full-backup-7th-jul-2017\thinkedu2017\images\about-image-2015.jpg <-- eventexpress.com /thinkedu2017/images about-image-2015.jpg
2017.07.20 19:36 B D:\ENPL\ex-workshop\full-backup-7th-jul-2017\thinkedu2017\images\about-image-2016.jpg <-- eventexpress.com /thinkedu2017/images about-image-2016.jpg
2017.07.20 19:36 B D:\ENPL\ex-workshop\full-backup-7th-jul-2017\thinkedu2017\images\arrow.png <-- eventexpress.com /thinkedu2017/images arrow.png
2017.07.20 19:36 B D:\ENPL\ex-workshop\full-backup-7th-jul-2017\thinkedu2017\images\associalte-partnet-01.jpg <-- eventexpress.com /thinkedu2017/images associalte-partnet-01.jpg
2017.07.20 19:36 B D:\ENPL\ex-workshop\full-backup-7th-jul-2017\thinkedu2017\images\associalte-partnet-02.jpg <-- eventexpress.com /thinkedu2017/images associalte-partnet-02.jpg
2017.07.20 19:36 B D:\ENPL\ex-workshop\full-backup-7th-jul-2017\thinkedu2017\images\associalte-partnet-03.jpg <-- eventexpress.com /thinkedu2017/images associalte-partnet-03.jpg
2017.07.20 19:36 B D:\ENPL\ex-workshop\full-backup-7th-jul-2017\thinkedu2017\images\associate-partner-new-1.jpg <-- eventexpress.com /thinkedu2017/images associate-partner-new-1.jpg
2017.07.20 19:36 B D:\ENPL\ex-workshop\full-backup-7th-jul-2017\thinkedu2017\images\body-bg.jpg <-- eventexpress.com /thinkedu2017/images body-bg.jpg
2017.07.20 19:36 B D:\ENPL\ex-workshop\full-backup-7th-jul-2017\thinkedu2017\images\carausol-arrow.png <-- eventexpress.com /thinkedu2017/images carausol-arrow.png
2017.07.20 19:36 B D:\ENPL\ex-workshop\full-backup-7th-jul-2017\thinkedu2017\images\event-epress-logo.jpg <-- eventexpress.com /thinkedu2017/images event-epress-logo.jpg
2017.07.20 19:36 B D:\ENPL\ex-workshop\full-backup-7th-jul-2017\thinkedu2017\images\event-icon.png <-- eventexpress.com /thinkedu2017/images event-icon.png
2017.07.20 19:36 B D:\ENPL\ex-workshop\full-backup-7th-jul-2017\thinkedu2017\images\fancybox_buttons.png <-- eventexpress.com /thinkedu2017/images fancybox_buttons.png
2017.07.20 19:36 B D:\ENPL\ex-workshop\full-backup-7th-jul-2017\thinkedu2017\images\fancybox_loading.gif <-- eventexpress.com /thinkedu2017/images fancybox_loading.gif
2017.07.20 19:36 B D:\ENPL\ex-workshop\full-backup-7th-jul-2017\thinkedu2017\images\fancybox_overlay.png <-- eventexpress.com /thinkedu2017/images fancybox_overlay.png
2017.07.20 19:36 B D:\ENPL\ex-workshop\full-backup-7th-jul-2017\thinkedu2017\images\fancybox_sprite.png <-- eventexpress.com /thinkedu2017/images fancybox_sprite.png
2017.07.20 19:36 B D:\ENPL\ex-workshop\full-backup-7th-jul-2017\thinkedu2017\images\footer-black-band.png <-- eventexpress.com /thinkedu2017/images footer-black-band.png
2017.07.20 19:36 B D:\ENPL\ex-workshop\full-backup-7th-jul-2017\thinkedu2017\images\footer-blue-band.jpg <-- eventexpress.com /thinkedu2017/images footer-blue-band.jpg
2017.07.20 19:36 B D:\ENPL\ex-workshop\full-backup-7th-jul-2017\thinkedu2017\images\footer-red-band.jpg <-- eventexpress.com /thinkedu2017/images footer-red-band.jpg
2017.07.20 19:36 B D:\ENPL\ex-workshop\full-backup-7th-jul-2017\thinkedu2017\images\gold-partner-img-01.jpg <-- eventexpress.com /thinkedu2017/images gold-partner-img-01.jpg
2017.07.20 19:36 B D:\ENPL\ex-workshop\full-backup-7th-jul-2017\thinkedu2017\images\gold-partner-img-02.jpg <-- eventexpress.com /thinkedu2017/images gold-partner-img-02.jpg
2017.07.20 19:36 B D:\ENPL\ex-workshop\full-backup-7th-jul-2017\thinkedu2017\images\gold-partner-img-03.jpg <-- eventexpress.com /thinkedu2017/images gold-partner-img-03.jpg
2017.07.20 19:36 B D:\ENPL\ex-workshop\full-backup-7th-jul-2017\thinkedu2017\images\gold-partner-new-1.png <-- eventexpress.com /thinkedu2017/images gold-partner-new-1.png
2017.07.20 19:36 B D:\ENPL\ex-workshop\full-backup-7th-jul-2017\thinkedu2017\images\header-bg.png <-- eventexpress.com /thinkedu2017/images header-bg.png
2017.07.20 19:36 B D:\ENPL\ex-workshop\full-backup-7th-jul-2017\thinkedu2017\images\hospitality-partner.jpg <-- eventexpress.com /thinkedu2017/images hospitality-partner.jpg
2017.07.20 19:36 B D:\ENPL\ex-workshop\full-backup-7th-jul-2017\thinkedu2017\images\indian-epress-logo.jpg <-- eventexpress.com /thinkedu2017/images indian-epress-logo.jpg
2017.07.20 19:36 B D:\ENPL\ex-workshop\full-backup-7th-jul-2017\thinkedu2017\images\line-bg.png <-- eventexpress.com /thinkedu2017/images line-bg.png
2017.07.20 19:36 B D:\ENPL\ex-workshop\full-backup-7th-jul-2017\thinkedu2017\images\location-icon.png <-- eventexpress.com /thinkedu2017/images location-icon.png
2017.07.20 19:36 B D:\ENPL\ex-workshop\full-backup-7th-jul-2017\thinkedu2017\images\logo.png <-- eventexpress.com /thinkedu2017/images logo.png
2017.07.20 19:36 B D:\ENPL\ex-workshop\full-backup-7th-jul-2017\thinkedu2017\images\official-partner-img.jpg <-- eventexpress.com /thinkedu2017/images official-partner-img.jpg
2017.07.20 19:36 B D:\ENPL\ex-workshop\full-backup-7th-jul-2017\thinkedu2017\images\partner-page-air-india.jpg <-- eventexpress.com /thinkedu2017/images partner-page-air-india.jpg
2017.07.20 19:36 B D:\ENPL\ex-workshop\full-backup-7th-jul-2017\thinkedu2017\images\partner-page-bpcl.jpg <-- eventexpress.com /thinkedu2017/images partner-page-bpcl.jpg
2017.07.20 19:36 B D:\ENPL\ex-workshop\full-backup-7th-jul-2017\thinkedu2017\images\partner-page-galgotias.jpg <-- eventexpress.com /thinkedu2017/images partner-page-galgotias.jpg
2017.07.20 19:36 B D:\ENPL\ex-workshop\full-backup-7th-jul-2017\thinkedu2017\images\partner-page-hpcl.jpg <-- eventexpress.com /thinkedu2017/images partner-page-hpcl.jpg
2017.07.20 19:36 B D:\ENPL\ex-workshop\full-backup-7th-jul-2017\thinkedu2017\images\partner-page-sastra.jpg <-- eventexpress.com /thinkedu2017/images partner-page-sastra.jpg
2017.07.20 19:36 B D:\ENPL\ex-workshop\full-backup-7th-jul-2017\thinkedu2017\images\partner-page-wave.jpg <-- eventexpress.com /thinkedu2017/images partner-page-wave.jpg
2017.07.20 19:36 B D:\ENPL\ex-workshop\full-backup-7th-jul-2017\thinkedu2017\images\partner-page-yesbank.jpg <-- eventexpress.com /thinkedu2017/images partner-page-yesbank.jpg
2017.07.20 19:36 B D:\ENPL\ex-workshop\full-backup-7th-jul-2017\thinkedu2017\images\platinum-partner.jpg <-- eventexpress.com /thinkedu2017/images platinum-partner.jpg
2017.07.20 19:36 B D:\ENPL\ex-workshop\full-backup-7th-jul-2017\thinkedu2017\images\sastra-infographic.jpg <-- eventexpress.com /thinkedu2017/images sastra-infographic.jpg
2017.07.20 19:36 B D:\ENPL\ex-workshop\full-backup-7th-jul-2017\thinkedu2017\images\sastra-inforgraphic.png <-- eventexpress.com /thinkedu2017/images sastra-inforgraphic.png
2017.07.20 19:36 B D:\ENPL\ex-workshop\full-backup-7th-jul-2017\thinkedu2017\images\silver-partner-new-1.png <-- eventexpress.com /thinkedu2017/images silver-partner-new-1.png
2017.07.20 19:36 B D:\ENPL\ex-workshop\full-backup-7th-jul-2017\thinkedu2017\images\silver-partnet-img-01.jpg <-- eventexpress.com /thinkedu2017/images silver-partnet-img-01.jpg
2017.07.20 19:36 B D:\ENPL\ex-workshop\full-backup-7th-jul-2017\thinkedu2017\images\silver-partnet-img-02.jpg <-- eventexpress.com /thinkedu2017/images silver-partnet-img-02.jpg
2017.07.20 19:36 B D:\ENPL\ex-workshop\full-backup-7th-jul-2017\thinkedu2017\images\sprite.png <-- eventexpress.com /thinkedu2017/images sprite.png
2017.07.20 19:36 B D:\ENPL\ex-workshop\full-backup-7th-jul-2017\thinkedu2017\images\thinkedu-2017-bg.jpg <-- eventexpress.com /thinkedu2017/images thinkedu-2017-bg.jpg
2017.07.20 19:36 B D:\ENPL\ex-workshop\full-backup-7th-jul-2017\thinkedu2017\images\thinkedu-2017-logo.png <-- eventexpress.com /thinkedu2017/images thinkedu-2017-logo.png
2017.07.20 19:36 B D:\ENPL\ex-workshop\full-backup-7th-jul-2017\thinkedu2017\images\threecol-img3.jpg <-- eventexpress.com /thinkedu2017/images threecol-img3.jpg
2017.07.20 19:36 B D:\ENPL\ex-workshop\full-backup-7th-jul-2017\thinkedu2017\images\title-partner.jpg <-- eventexpress.com /thinkedu2017/images title-partner.jpg
2017.07.20 19:36 B D:\ENPL\ex-workshop\full-backup-7th-jul-2017\thinkedu2017\images\travel-partner.jpg <-- eventexpress.com /thinkedu2017/images travel-partner.jpg
2017.07.20 19:36 B D:\ENPL\ex-workshop\full-backup-7th-jul-2017\thinkedu2017\images\twitter.png <-- eventexpress.com /thinkedu2017/images twitter.png
